
GET_/articles/Pretty%20Rocks_Fri, 03 May 2019 21:29:36 GMT
GET_/articles_Fri, 03 May 2019 21:32:30 GMT
GET_/articles_Fri, 03 May 2019 21:33:02 GMT
GET_/articles_Fri, 03 May 2019 21:34:34 GMT
GET_/articles_Fri, 03 May 2019 21:35:04 GMT
GET_/articles_Fri, 03 May 2019 21:40:46 GMT
GET_/articles_Fri, 03 May 2019 21:41:02 GMT
GET_/articles_Fri, 03 May 2019 21:41:40 GMT
GET_/articles_Fri, 03 May 2019 21:42:45 GMT
GET_/articles_Fri, 03 May 2019 21:43:26 GMT
GET_/articles_Fri, 03 May 2019 21:43:44 GMT
GET_/articles_Fri, 03 May 2019 21:47:54 GMT
GET_/articles_Fri, 03 May 2019 21:47:57 GMT
GET_/articles/new_Fri, 03 May 2019 21:53:57 GMT
POST_/articles_Fri, 03 May 2019 21:54:06 GMT
POST_/articles_Fri, 03 May 2019 22:00:18 GMT
GET_/articles/new_Fri, 03 May 2019 22:00:18 GMT
POST_/articles_Fri, 03 May 2019 22:00:36 GMT
GET_/articles_Fri, 03 May 2019 22:00:36 GMT
GET_/articles/mewomeowmoew_Fri, 03 May 2019 22:15:29 GMT
GET_/articles/new_Fri, 03 May 2019 22:15:29 GMT
GET_/articles/My%20Fat%20Cat_Fri, 03 May 2019 22:15:57 GMT
GET_/articles/My%20Fat%20Cat_Fri, 03 May 2019 22:16:15 GMT
GET_/articles/My%20Fat%20Cat_Fri, 03 May 2019 22:16:41 GMT
GET_/articles/My%20Fat%20Cat%20/edit_Fri, 03 May 2019 22:19:41 GMT
GET_/articles/My%20Fat%20Cat%20/edit_Fri, 03 May 2019 22:26:15 GMT
GET_/articles/My%20Fat%20Cat%20/edit_Fri, 03 May 2019 22:27:18 GMT
GET_/articles/My%20Fat%20Cat%20/edit_Fri, 03 May 2019 22:27:36 GMT
GET_/articles/My%20Fat%20Cat%20_Fri, 03 May 2019 22:27:40 GMT
GET_/articles/new_Fri, 03 May 2019 22:27:40 GMT
GET_/products_Fri, 03 May 2019 22:27:42 GMT
GET_/articles_Fri, 03 May 2019 22:27:44 GMT
GET_/articles/My%20Fat%20Cat%20/edit_Fri, 03 May 2019 22:27:45 GMT
GET_/articles/My%20Fat%20Cat%20/edit_Fri, 03 May 2019 22:27:48 GMT
GET_/articles/My%20Fat%20Cat%20_Fri, 03 May 2019 22:27:51 GMT
GET_/articles/new_Fri, 03 May 2019 22:27:51 GMT
GET_/articles/My%20Fat%20Cat%20_Fri, 03 May 2019 22:27:55 GMT
GET_/articles/new_Fri, 03 May 2019 22:27:55 GMT
GET_/articles/My%20Fat%20Cat%20_Fri, 03 May 2019 22:28:06 GMT
GET_/articles/new_Fri, 03 May 2019 22:28:06 GMT
GET_/articles/Uncommon%20Typos_Fri, 03 May 2019 22:28:42 GMT
GET_/articles/My%20Fat%20Cat%20_Fri, 03 May 2019 22:28:46 GMT
GET_/articles/new_Fri, 03 May 2019 22:28:46 GMT
GET_/articles/Pretty%20Rocks_Fri, 03 May 2019 22:29:28 GMT
GET_/articles/My%20Fat%20Cat%20_Fri, 03 May 2019 22:29:31 GMT
GET_/articles/new_Fri, 03 May 2019 22:29:31 GMT
GET_/articles/My%20Fat%20Cat%20_Fri, 03 May 2019 22:30:38 GMT
GET_/articles/new_Fri, 03 May 2019 22:30:38 GMT
GET_/articles/My%20Fat%20Cat%20_Fri, 03 May 2019 22:30:42 GMT
GET_/articles/new_Fri, 03 May 2019 22:30:42 GMT
GET_/articles_Fri, 03 May 2019 23:08:59 GMT
GET_/articles_Fri, 03 May 2019 23:09:02 GMT
GET_/articles_Fri, 03 May 2019 23:09:06 GMT
GET_/articles_Fri, 03 May 2019 23:11:05 GMT
GET_/articles/My%20Fat%20Cat_Fri, 03 May 2019 23:11:08 GMT
GET_/articles/My%20Fat%20Cat/edit_Fri, 03 May 2019 23:11:17 GMT
PUT_/articles/My%20Fat%20Cat?_method=PUT_Fri, 03 May 2019 23:11:36 GMT
GET_/articles/My%20Fat%20Cat_Fri, 03 May 2019 23:11:36 GMT
GET_/articles/My%20Fat%20Cat/edit_Fri, 03 May 2019 23:11:41 GMT
PUT_/articles/My%20Fat%20Cat?_method=PUT_Fri, 03 May 2019 23:11:47 GMT
GET_/articles/My%20Fat%20Cat/edit_Fri, 03 May 2019 23:11:47 GMT
GET_/articles_Fri, 03 May 2019 23:12:29 GMT
GET_/articles/Uncommon%20Typos_Fri, 03 May 2019 23:12:31 GMT
GET_/articles/My%20Fat%20Cat/edit_Fri, 03 May 2019 23:12:35 GMT
PUT_/articles/My%20Fat%20Cat?_method=PUT_Fri, 03 May 2019 23:12:38 GMT
GET_/articles/My%20Fat%20Cat/edit_Fri, 03 May 2019 23:12:38 GMT
GET_/articles/My%20Fat%20Cat/edit_Fri, 03 May 2019 23:13:05 GMT
GET_/articles_Fri, 03 May 2019 23:13:27 GMT
GET_/articles/Uncommon%20Typos/edit_Fri, 03 May 2019 23:13:28 GMT
PUT_/articles/Uncommon%20Typos?_method=PUT_Fri, 03 May 2019 23:13:31 GMT
GET_/articles/Uncommon%20Typos/edit_Fri, 03 May 2019 23:13:31 GMT
PUT_/articles/Uncommon%20Typos?_method=PUT_Fri, 03 May 2019 23:13:39 GMT
GET_/articles/Uncommon%20Typos_Fri, 03 May 2019 23:13:39 GMT
GET_/articles_Fri, 03 May 2019 23:22:37 GMT
GET_/articles/Pretty%20Rocks_Fri, 03 May 2019 23:22:40 GMT
GET_/articles/new_Fri, 03 May 2019 23:23:29 GMT
POST_/articles_Fri, 03 May 2019 23:23:54 GMT
GET_/articles_Fri, 03 May 2019 23:23:54 GMT
GET_/articles/Pretty%20Rocks/edit_Fri, 03 May 2019 23:24:50 GMT
PUT_/articles/Pretty%20Rocks?_method=PUT_Fri, 03 May 2019 23:24:56 GMT
GET_/articles/Pretty%20Rocks_Fri, 03 May 2019 23:24:56 GMT
GET_/products_Fri, 03 May 2019 23:25:46 GMT
GET_/articles_Fri, 03 May 2019 23:25:48 GMT
GET_/products_Fri, 03 May 2019 23:26:19 GMT
GET_/articles_Fri, 03 May 2019 23:26:21 GMT
GET_/articles/My%20Fat%20Cat_Fri, 03 May 2019 23:26:23 GMT
GET_/articles/My%20Fat%20Cat/edit_Fri, 03 May 2019 23:26:24 GMT
GET_/articles_Fri, 03 May 2019 23:26:29 GMT
GET_/articles/Pretty%20Rocks/edit_Fri, 03 May 2019 23:26:32 GMT
DELETE_/articles/Pretty%20Rocks?_method=DELETE_Fri, 03 May 2019 23:26:34 GMT
GET_/articles/New%20test%20article/edit_Fri, 03 May 2019 23:36:36 GMT
DELETE_/articles/New%20test%20article?_method=DELETE_Fri, 03 May 2019 23:36:41 GMT
GET_/articles_Fri, 03 May 2019 23:36:41 GMT
GET_/articles_Fri, 03 May 2019 23:40:14 GMT
GET_/articles_Fri, 03 May 2019 23:41:39 GMT
GET_/products_Fri, 03 May 2019 23:45:44 GMT
GET_/products_Fri, 03 May 2019 23:47:40 GMT
GET_/products_Fri, 03 May 2019 23:48:02 GMT
GET_/products_Fri, 03 May 2019 23:48:31 GMT
GET_/products/1_Fri, 03 May 2019 23:48:44 GMT
GET_/products_Fri, 03 May 2019 23:54:11 GMT
GET_/products/new_Fri, 03 May 2019 23:54:13 GMT
POST_/products_Fri, 03 May 2019 23:54:28 GMT
GET_/products_Fri, 03 May 2019 23:54:28 GMT
GET_/products_Fri, 03 May 2019 23:54:57 GMT
GET_/products_Fri, 03 May 2019 23:56:52 GMT
GET_/products/1_Fri, 03 May 2019 23:56:53 GMT
GET_/products/2_Fri, 03 May 2019 23:56:59 GMT
GET_/products/2_Fri, 03 May 2019 23:57:03 GMT
GET_/products_Fri, 03 May 2019 23:57:05 GMT
GET_/products/3_Fri, 03 May 2019 23:57:07 GMT
GET_/products_Fri, 03 May 2019 23:57:11 GMT
GET_/products/4_Fri, 03 May 2019 23:57:13 GMT
GET_/products/4/edit_Fri, 03 May 2019 23:57:15 GMT
GET_/products_Fri, 03 May 2019 23:58:59 GMT
GET_/products_Sat, 04 May 2019 00:03:29 GMT
GET_/products/new_Sat, 04 May 2019 00:03:30 GMT
GET_/products_Sat, 04 May 2019 00:03:37 GMT
GET_/products/2/edit_Sat, 04 May 2019 00:03:39 GMT
GET_/products_Sat, 04 May 2019 00:05:54 GMT
GET_/products/2/edit_Sat, 04 May 2019 00:05:56 GMT
PUT_/products/2?_method=PUT_Sat, 04 May 2019 00:06:00 GMT
GET_/products/2/edit_Sat, 04 May 2019 00:06:00 GMT
PUT_/products/2?_method=PUT_Sat, 04 May 2019 00:06:10 GMT
GET_/products/2_Sat, 04 May 2019 00:06:10 GMT
GET_/products/2/edit_Sat, 04 May 2019 00:06:26 GMT
GET_/products_Sat, 04 May 2019 00:09:15 GMT
GET_/products/4/edit_Sat, 04 May 2019 00:09:18 GMT
DELETE_/products/4?_method=DELETE_Sat, 04 May 2019 00:09:21 GMT
GET_/products_Sat, 04 May 2019 00:09:21 GMT
GET_/products/new_Sat, 04 May 2019 00:09:25 GMT
POST_/products_Sat, 04 May 2019 00:09:29 GMT
GET_/products/new_Sat, 04 May 2019 00:09:29 GMT
POST_/products_Sat, 04 May 2019 00:09:35 GMT
GET_/products/new_Sat, 04 May 2019 00:09:35 GMT
GET_/products_Sat, 04 May 2019 00:09:40 GMT
GET_/products_Sat, 04 May 2019 00:11:32 GMT
GET_/products_Sat, 04 May 2019 00:11:33 GMT
GET_/products/1_Sat, 04 May 2019 00:11:37 GMT
GET_/products/1/edit_Sat, 04 May 2019 00:11:39 GMT
PUT_/products/1?_method=PUT_Sat, 04 May 2019 00:11:44 GMT
GET_/products/1_Sat, 04 May 2019 00:11:44 GMT
GET_/products/1/edit_Sat, 04 May 2019 00:11:51 GMT
GET_/products_Sat, 04 May 2019 00:11:54 GMT
GET_/products/new_Sat, 04 May 2019 00:11:58 GMT
POST_/products_Sat, 04 May 2019 00:12:14 GMT
GET_/products_Sat, 04 May 2019 00:12:14 GMT
GET_/articles_Sat, 04 May 2019 00:12:21 GMT
GET_/products_Sat, 04 May 2019 00:12:26 GMT
GET_/articles_Sat, 04 May 2019 00:12:30 GMT
GET_/_Sat, 04 May 2019 00:12:33 GMT
GET_/products_Sat, 04 May 2019 00:12:46 GMT
GET_/products/5/edit_Sat, 04 May 2019 00:12:50 GMT
DELETE_/products/5?_method=DELETE_Sat, 04 May 2019 00:12:52 GMT
DELETE_/products/5?_method=DELETE_Sat, 04 May 2019 00:15:41 GMT
GET_/products_Sat, 04 May 2019 00:15:41 GMT
GET_/products_Sat, 04 May 2019 00:15:59 GMT
GET_/products_Sat, 04 May 2019 00:16:52 GMT
GET_/products/new_Sat, 04 May 2019 00:17:06 GMT
POST_/products_Sat, 04 May 2019 00:17:20 GMT
GET_/products_Sat, 04 May 2019 00:17:20 GMT
GET_/products_Sat, 04 May 2019 00:18:38 GMT
GET_/articles_Sat, 04 May 2019 00:18:50 GMT
GET_/articles/New%20test%20article_Sat, 04 May 2019 00:19:00 GMT
GET_/_Sat, 04 May 2019 00:20:33 GMT
GET_/articles_Sat, 04 May 2019 00:20:50 GMT
GET_/articles_Sat, 04 May 2019 00:24:36 GMT
GET_/articles_Sat, 04 May 2019 00:25:05 GMT
GET_/articles_Sat, 04 May 2019 00:25:11 GMT
GET_/articles_Sat, 04 May 2019 00:25:21 GMT
GET_/articles_Sat, 04 May 2019 00:26:15 GMT
GET_/articles_Sat, 04 May 2019 00:27:11 GMT
GET_/articles_Sat, 04 May 2019 00:28:53 GMT
GET_/articles_Sat, 04 May 2019 00:29:33 GMT
GET_/articles_Sat, 04 May 2019 00:30:07 GMT
GET_/articles_Sat, 04 May 2019 00:30:18 GMT
GET_/articles_Sat, 04 May 2019 00:30:20 GMT
GET_/articles_Sat, 04 May 2019 00:30:29 GMT
GET_/articles_Sat, 04 May 2019 00:31:58 GMT
GET_/articles_Sat, 04 May 2019 00:34:38 GMT
GET_/articles/New%20test%20article_Sat, 04 May 2019 00:34:56 GMT
GET_/products_Sat, 04 May 2019 00:35:00 GMT
GET_/products/2_Sat, 04 May 2019 00:35:01 GMT
GET_/products/2_Sat, 04 May 2019 00:37:17 GMT
GET_/products_Sat, 04 May 2019 00:37:19 GMT
GET_/products/3_Sat, 04 May 2019 00:37:20 GMT
GET_/products_Sat, 04 May 2019 00:37:25 GMT
GET_/products_Sat, 04 May 2019 00:42:46 GMT
GET_/products/new_Sat, 04 May 2019 00:42:47 GMT
GET_/products_Sat, 04 May 2019 00:43:20 GMT
GET_/products_Sat, 04 May 2019 00:51:32 GMT
GET_/_Sat, 04 May 2019 00:51:35 GMT
GET_/products/new_Sat, 04 May 2019 01:09:38 GMT
POST_/products_Sat, 04 May 2019 01:09:43 GMT
GET_/products_Sat, 04 May 2019 01:09:43 GMT
GET_/products/4/edit_Sat, 04 May 2019 01:09:45 GMT
DELETE_/products/4?_method=DELETE_Sat, 04 May 2019 01:09:47 GMT
GET_/products_Sat, 04 May 2019 01:09:47 GMT
GET_/products/new_Sat, 04 May 2019 01:11:53 GMT
POST_/products_Sat, 04 May 2019 01:12:01 GMT
GET_/products_Sat, 04 May 2019 01:12:01 GMT
GET_/products/5/edit_Sat, 04 May 2019 01:13:50 GMT
DELETE_/products/5?_method=DELETE_Sat, 04 May 2019 01:13:51 GMT
GET_/products_Sat, 04 May 2019 01:13:51 GMT
GET_/articles_Sat, 04 May 2019 01:46:21 GMT
GET_/articles/new_Sat, 04 May 2019 01:46:31 GMT
POST_/articles_Sat, 04 May 2019 01:46:37 GMT
GET_/articles_Sat, 04 May 2019 01:46:37 GMT
GET_/articles/Test/edit_Sat, 04 May 2019 01:46:40 GMT
DELETE_/articles/Test?_method=DELETE_Sat, 04 May 2019 01:46:42 GMT
GET_/articles_Sat, 04 May 2019 01:46:42 GMT
GET_/articles_Sat, 04 May 2019 02:01:51 GMT
GET_/articles/new_Sat, 04 May 2019 02:01:52 GMT
POST_/articles_Sat, 04 May 2019 02:02:01 GMT
GET_/articles_Sat, 04 May 2019 02:02:01 GMT
GET_/articles/Hi%3F_Sat, 04 May 2019 02:02:04 GMT
GET_/articles_Sat, 04 May 2019 02:11:27 GMT
GET_/products_Sat, 04 May 2019 02:11:32 GMT
GET_/products/2_Sat, 04 May 2019 02:11:34 GMT
GET_/products/2_Sat, 04 May 2019 02:12:20 GMT
GET_/products/2_Sat, 04 May 2019 02:12:49 GMT
GET_/products/2_Sat, 04 May 2019 02:12:50 GMT
GET_/products/2_Sat, 04 May 2019 02:13:06 GMT
GET_/products/2_Sat, 04 May 2019 02:14:02 GMT
GET_/products_Sat, 04 May 2019 02:14:25 GMT
GET_/articles_Sat, 04 May 2019 02:14:32 GMT
GET_/products_Sat, 04 May 2019 02:15:13 GMT
GET_/products/2_Sat, 04 May 2019 02:15:15 GMT
GET_/products/2_Sat, 04 May 2019 02:15:16 GMT
GET_/articles_Sat, 04 May 2019 02:15:18 GMT
GET_/articles/Hi%3F_Sat, 04 May 2019 02:15:20 GMT
GET_/products_Sat, 04 May 2019 02:15:23 GMT
GET_/products/2_Sat, 04 May 2019 02:15:25 GMT
GET_/articles_Sat, 04 May 2019 02:15:57 GMT
GET_/articles/Hi%3F_Sat, 04 May 2019 02:15:58 GMT
GET_/products_Sat, 04 May 2019 02:20:51 GMT
GET_/articles_Sat, 04 May 2019 02:20:55 GMT
GET_/articles/Pretty%20Rocks_Sat, 04 May 2019 02:21:26 GMT
GET_/articles/Uncommon%20Typos_Sat, 04 May 2019 02:21:30 GMT
GET_/articles/Uncommon%20Typos_Sat, 04 May 2019 02:21:36 GMT
GET_/_Sat, 04 May 2019 02:22:03 GMT
GET_/favicon.ico_Sat, 04 May 2019 02:22:03 GMT
GET_/articles_Sat, 04 May 2019 02:22:06 GMT
GET_/favicon.ico_Sat, 04 May 2019 02:22:06 GMT
GET_/articles/Hi%3F_Sat, 04 May 2019 02:22:08 GMT
GET_/favicon.ico_Sat, 04 May 2019 02:22:08 GMT
GET_/articles_Sat, 04 May 2019 02:22:10 GMT
GET_/articles/My%20Fat%20Cat_Sat, 04 May 2019 02:22:12 GMT
GET_/favicon.ico_Sat, 04 May 2019 02:22:12 GMT
GET_/articles/Pretty%20Rocks_Sat, 04 May 2019 02:22:18 GMT
GET_/favicon.ico_Sat, 04 May 2019 02:22:18 GMT
GET_/articles/Uncommon%20Typos_Sat, 04 May 2019 02:24:23 GMT
GET_/products_Sat, 04 May 2019 02:24:45 GMT
GET_/products/new_Sat, 04 May 2019 02:24:47 GMT
POST_/products_Sat, 04 May 2019 02:24:53 GMT
GET_/products_Sat, 04 May 2019 02:24:53 GMT
GET_/products/6_Sat, 04 May 2019 02:24:55 GMT
GET_/_Sat, 04 May 2019 02:24:58 GMT
GET_/articles_Sat, 04 May 2019 02:27:02 GMT
GET_/articles_Sat, 04 May 2019 02:27:05 GMT
GET_/products_Sat, 04 May 2019 02:27:07 GMT
GET_/_Sat, 04 May 2019 02:27:09 GMT
GET_/_Sat, 04 May 2019 04:18:28 GMT
GET_/products_Sat, 04 May 2019 04:18:30 GMT
GET_/products/2_Sat, 04 May 2019 04:18:34 GMT
GET_/articles_Sat, 04 May 2019 04:18:45 GMT
GET_/_Sat, 04 May 2019 04:18:49 GMT
GET_/products_Sat, 04 May 2019 04:18:52 GMT
GET_/products_Sat, 04 May 2019 05:27:45 GMT
GET_/products/new_Sat, 04 May 2019 05:27:47 GMT
POST_/products_Sat, 04 May 2019 05:28:08 GMT
GET_/products_Sat, 04 May 2019 05:28:08 GMT
GET_/products/6_Sat, 04 May 2019 05:28:12 GMT
GET_/products/6/edit_Sat, 04 May 2019 05:28:14 GMT
DELETE_/products/6?_method=DELETE_Sat, 04 May 2019 05:28:15 GMT
GET_/products_Sat, 04 May 2019 05:28:15 GMT
GET_/articles_Sat, 04 May 2019 05:28:24 GMT
GET_/articles/Hi%3F/edit_Sat, 04 May 2019 05:28:29 GMT
POST_/articles/Hi??_method=DELETE_Sat, 04 May 2019 05:28:32 GMT
GET_/articles/new_Sat, 04 May 2019 05:29:26 GMT
POST_/articles_Sat, 04 May 2019 05:29:34 GMT
GET_/articles_Sat, 04 May 2019 05:29:34 GMT
GET_/articles/Test/edit_Sat, 04 May 2019 05:29:36 GMT
DELETE_/articles/Test?_method=DELETE_Sat, 04 May 2019 05:29:37 GMT
GET_/articles_Sat, 04 May 2019 05:29:37 GMT
GET_/articles/Hi%3F/edit_Sat, 04 May 2019 05:29:41 GMT
POST_/articles/Hi??_method=DELETE_Sat, 04 May 2019 05:29:43 GMT
POST_/articles/Hi??_method=DELETE_Sat, 04 May 2019 05:30:44 GMT
GET_/articles_Sat, 04 May 2019 05:31:02 GMT
GET_/articles/Hi%3F/edit_Sat, 04 May 2019 05:31:07 GMT
POST_/articles/Hi??_method=DELETE_Sat, 04 May 2019 05:31:43 GMT
POST_/articles/Hi??_method=PUT_Sat, 04 May 2019 05:33:35 GMT
GET_/products_Sat, 04 May 2019 05:34:24 GMT
GET_/articles_Sat, 04 May 2019 05:34:26 GMT
GET_/articles/Hi%3F_Sat, 04 May 2019 05:34:28 GMT
GET_/articles/Hi%3F/edit_Sat, 04 May 2019 05:34:30 GMT
DELETE_/articles/Hi%3F?_method=DELETE_Sat, 04 May 2019 05:34:32 GMT
GET_/articles_Sat, 04 May 2019 05:34:32 GMT
GET_/articles/new_Sat, 04 May 2019 05:34:39 GMT
POST_/articles_Sat, 04 May 2019 05:34:45 GMT
GET_/articles_Sat, 04 May 2019 05:34:45 GMT
GET_/articles/Hello%3F/edit_Sat, 04 May 2019 05:34:47 GMT
POST_/articles/Hello??_method=PUT_Sat, 04 May 2019 05:34:49 GMT
GET_/products_Sat, 04 May 2019 05:35:06 GMT
GET_/articles_Sat, 04 May 2019 05:35:07 GMT
GET_/articles/My%20Fat%20Cat/edit_Sat, 04 May 2019 05:35:11 GMT
PUT_/articles/My%20Fat%20Cat?_method=PUT_Sat, 04 May 2019 05:35:14 GMT
GET_/articles/My%20Fat%20Cat_Sat, 04 May 2019 05:35:14 GMT
GET_/articles_Sat, 04 May 2019 05:35:17 GMT
GET_/articles/Hello%3F/edit_Sat, 04 May 2019 05:35:19 GMT
PUT_/articles/Hello%3F?_method=PUT_Sat, 04 May 2019 05:35:23 GMT
GET_/articles/Hello%3F_Sat, 04 May 2019 05:35:23 GMT
GET_/articles/Hello%3F/edit_Sat, 04 May 2019 05:35:25 GMT
GET_/products_Sat, 04 May 2019 05:35:37 GMT
GET_/articles_Sat, 04 May 2019 05:35:39 GMT
GET_/articles/Hello%3F/edit_Sat, 04 May 2019 05:36:52 GMT
PUT_/articles/Hello%3F?_method=PUT_Sat, 04 May 2019 05:37:06 GMT
GET_/articles/Hello%3F_Sat, 04 May 2019 05:37:06 GMT
GET_/_Sat, 04 May 2019 05:38:35 GMT
GET_/products_Sat, 04 May 2019 05:38:38 GMT
GET_/articles_Sat, 04 May 2019 05:38:39 GMT
GET_/products_Sat, 04 May 2019 05:38:41 GMT
GET_/_Sat, 04 May 2019 05:38:43 GMT