
GET_/_Sat, 27 Apr 2019 19:05:29 GMT
GET_/products/new_Sat, 27 Apr 2019 19:05:35 GMT
GET_/_Sat, 27 Apr 2019 19:05:39 GMT
GET_/articles_Sat, 27 Apr 2019 19:05:41 GMT
GET_/products_Sat, 27 Apr 2019 20:56:13 GMT
GET_/_Sat, 27 Apr 2019 20:56:16 GMT
GET_/products_Sat, 27 Apr 2019 21:10:11 GMT
GET_/products/new_Sat, 27 Apr 2019 21:10:13 GMT
GET_/articles_Sat, 27 Apr 2019 21:10:15 GMT
GET_/products_Sat, 27 Apr 2019 21:10:20 GMT
GET_/articles_Sat, 27 Apr 2019 21:14:06 GMT
GET_/_Sat, 27 Apr 2019 21:14:09 GMT
GET_/products_Sun, 28 Apr 2019 04:41:28 GMT
GET_/robots.txt_Sun, 28 Apr 2019 04:41:28 GMT
GET_/favicon.ico_Sun, 28 Apr 2019 04:41:29 GMT
GET_/_Sun, 28 Apr 2019 04:41:32 GMT
GET_/articles_Sun, 28 Apr 2019 04:41:33 GMT
GET_/articles/new_Sun, 28 Apr 2019 04:41:36 GMT
POST_/articles_Sun, 28 Apr 2019 04:41:43 GMT
GET_/articles_Sun, 28 Apr 2019 04:41:43 GMT
GET_/articles/new_Sun, 28 Apr 2019 04:41:54 GMT
GET_/_Sun, 28 Apr 2019 04:46:55 GMT
GET_/articles_Sun, 28 Apr 2019 04:47:02 GMT
GET_/_Sun, 28 Apr 2019 04:47:03 GMT
GET_/_Sun, 28 Apr 2019 04:47:31 GMT
GET_/products_Sun, 28 Apr 2019 04:47:33 GMT
GET_/_Sun, 28 Apr 2019 04:47:35 GMT
GET_/_Sun, 28 Apr 2019 04:48:06 GMT
GET_/_Sun, 28 Apr 2019 04:48:33 GMT
GET_/_Sun, 28 Apr 2019 04:49:14 GMT
GET_/_Sun, 28 Apr 2019 04:49:25 GMT
GET_/products_Sun, 28 Apr 2019 05:36:53 GMT
GET_/_Sun, 28 Apr 2019 05:36:57 GMT
GET_/products/new_Sun, 28 Apr 2019 05:36:58 GMT
POST_/products_Sun, 28 Apr 2019 05:37:03 GMT
GET_/products_Sun, 28 Apr 2019 05:37:03 GMT
GET_/products/1/edit_Sun, 28 Apr 2019 05:37:06 GMT
PUT_/products/1?_method=PUT_Sun, 28 Apr 2019 05:37:09 GMT
GET_/products/1/edit_Sun, 28 Apr 2019 05:37:09 GMT
PUT_/products/1?_method=PUT_Sun, 28 Apr 2019 05:37:13 GMT
GET_/products/1_Sun, 28 Apr 2019 05:37:13 GMT
GET_/products/1/edit_Sun, 28 Apr 2019 05:37:15 GMT
DELETE_/products/1?_method=DELETE_Sun, 28 Apr 2019 05:37:16 GMT
GET_/products_Sun, 28 Apr 2019 05:37:16 GMT
GET_/products/new_Sun, 28 Apr 2019 05:37:18 GMT
POST_/products_Sun, 28 Apr 2019 05:37:24 GMT
GET_/products_Sun, 28 Apr 2019 05:37:24 GMT
GET_/articles_Sun, 28 Apr 2019 05:37:27 GMT
GET_/articles/new_Sun, 28 Apr 2019 05:37:28 GMT
POST_/articles_Sun, 28 Apr 2019 05:37:33 GMT
GET_/articles_Sun, 28 Apr 2019 05:37:33 GMT
GET_/articles/sdfsd/edit_Sun, 28 Apr 2019 05:37:35 GMT
PUT_/articles/sdfsd?_method=PUT_Sun, 28 Apr 2019 05:37:40 GMT
GET_/articles/articles/sdfsd_Sun, 28 Apr 2019 05:37:40 GMT
PUT_/articles/sdfsd?_method=PUT_Sun, 28 Apr 2019 05:37:49 GMT
GET_/articles/articles/sdfsd_Sun, 28 Apr 2019 05:37:49 GMT
GET_/articles_Sun, 28 Apr 2019 05:38:30 GMT
GET_/articles/new_Sun, 28 Apr 2019 05:38:31 GMT
POST_/articles_Sun, 28 Apr 2019 05:38:35 GMT
GET_/articles_Sun, 28 Apr 2019 05:38:35 GMT
GET_/articles/kjkj/edit_Sun, 28 Apr 2019 05:38:38 GMT
PUT_/articles/kjkj?_method=PUT_Sun, 28 Apr 2019 05:38:41 GMT
GET_/articles/articles/kjkj_Sun, 28 Apr 2019 05:38:41 GMT
GET_/articles_Sun, 28 Apr 2019 05:39:34 GMT
GET_/articles/new_Sun, 28 Apr 2019 05:39:35 GMT
POST_/articles_Sun, 28 Apr 2019 05:39:38 GMT
GET_/articles_Sun, 28 Apr 2019 05:39:38 GMT
GET_/articles/kj/edit_Sun, 28 Apr 2019 05:39:40 GMT
PUT_/articles/kj?_method=PUT_Sun, 28 Apr 2019 05:39:45 GMT
GET_/articles/articles/kj_Sun, 28 Apr 2019 05:39:45 GMT
GET_/articles_Sun, 28 Apr 2019 05:40:15 GMT
GET_/articles/new_Sun, 28 Apr 2019 05:40:16 GMT
POST_/articles_Sun, 28 Apr 2019 05:40:20 GMT
GET_/articles_Sun, 28 Apr 2019 05:40:20 GMT
GET_/articles/kjklj/edit_Sun, 28 Apr 2019 05:40:22 GMT
PUT_/articles/kjklj?_method=PUT_Sun, 28 Apr 2019 05:40:24 GMT
GET_/articles/articles/kjklj_Sun, 28 Apr 2019 05:40:24 GMT
GET_/articles_Sun, 28 Apr 2019 05:40:46 GMT
GET_/articles/kjklj/edit_Sun, 28 Apr 2019 05:40:51 GMT
DELETE_/articles/kjklj?_method=DELETE_Sun, 28 Apr 2019 05:40:53 GMT
GET_/articles_Sun, 28 Apr 2019 05:40:53 GMT
GET_/articles/new_Sun, 28 Apr 2019 05:40:54 GMT
POST_/articles_Sun, 28 Apr 2019 05:40:58 GMT
GET_/articles_Sun, 28 Apr 2019 05:40:58 GMT
GET_/articles/kjkj/edit_Sun, 28 Apr 2019 05:41:00 GMT
PUT_/articles/kjkj?_method=PUT_Sun, 28 Apr 2019 05:41:03 GMT
GET_/articles/articles/kjkj/edit_Sun, 28 Apr 2019 05:41:03 GMT
GET_/articles_Sun, 28 Apr 2019 05:41:14 GMT
GET_/articles/new_Sun, 28 Apr 2019 05:41:15 GMT
GET_/articles_Sun, 28 Apr 2019 05:42:01 GMT
GET_/articles/new_Sun, 28 Apr 2019 05:42:02 GMT
POST_/articles_Sun, 28 Apr 2019 05:42:07 GMT
GET_/articles_Sun, 28 Apr 2019 05:42:07 GMT
GET_/articles/ksjds/edit_Sun, 28 Apr 2019 05:42:09 GMT
PUT_/articles/ksjds?_method=PUT_Sun, 28 Apr 2019 05:42:13 GMT
GET_/articles/articles/ksjdskjkkj_Sun, 28 Apr 2019 05:42:13 GMT
GET_/articles_Sun, 28 Apr 2019 05:42:48 GMT
GET_/articles/new_Sun, 28 Apr 2019 05:42:49 GMT
POST_/articles_Sun, 28 Apr 2019 05:42:54 GMT
GET_/articles_Sun, 28 Apr 2019 05:42:54 GMT
GET_/articles/kjlj/edit_Sun, 28 Apr 2019 05:42:56 GMT
PUT_/articles/kjlj?_method=PUT_Sun, 28 Apr 2019 05:42:58 GMT
GET_/articles/articles/kjlj_Sun, 28 Apr 2019 05:42:58 GMT
GET_/articles_Sun, 28 Apr 2019 05:43:31 GMT
GET_/articles/new_Sun, 28 Apr 2019 05:43:32 GMT
GET_/articles_Sun, 28 Apr 2019 05:43:33 GMT
GET_/articles/kjlj/edit_Sun, 28 Apr 2019 05:43:35 GMT
PUT_/articles/kjlj?_method=PUT_Sun, 28 Apr 2019 05:43:40 GMT
GET_/articles/articles/kjlj/edit_Sun, 28 Apr 2019 05:43:40 GMT
GET_/articles_Sun, 28 Apr 2019 05:44:06 GMT
GET_/articles/new_Sun, 28 Apr 2019 05:44:07 GMT
POST_/articles_Sun, 28 Apr 2019 05:44:11 GMT
GET_/articles_Sun, 28 Apr 2019 05:44:11 GMT
GET_/articles/jlkj/edit_Sun, 28 Apr 2019 05:44:13 GMT
PUT_/articles/jlkj?_method=PUT_Sun, 28 Apr 2019 05:44:17 GMT
GET_/articles/jlkj_Sun, 28 Apr 2019 05:44:17 GMT
GET_/articles/jlkj/edit_Sun, 28 Apr 2019 05:44:19 GMT
PUT_/articles/jlkj?_method=PUT_Sun, 28 Apr 2019 05:44:22 GMT
GET_/articles/jlkj/edit_Sun, 28 Apr 2019 05:44:22 GMT
GET_/articles_Sun, 28 Apr 2019 05:44:40 GMT
GET_/articles/new_Sun, 28 Apr 2019 05:44:41 GMT
POST_/articles_Sun, 28 Apr 2019 05:44:45 GMT
GET_/articles_Sun, 28 Apr 2019 05:44:45 GMT
GET_/articles/lk%3Blk/edit_Sun, 28 Apr 2019 05:44:47 GMT
PUT_/articles/lk;lk?_method=PUT_Sun, 28 Apr 2019 05:44:49 GMT
GET_/articles/lk;lk/edit_Sun, 28 Apr 2019 05:44:49 GMT
PUT_/articles/lk;lk?_method=PUT_Sun, 28 Apr 2019 05:44:56 GMT
GET_/articles/lk%3Blk%20sd%3Blfsdk_Sun, 28 Apr 2019 05:44:56 GMT
GET_/articles/lk%3Blk%20sd%3Blfsdk/edit_Sun, 28 Apr 2019 05:44:58 GMT
GET_/articles_Sun, 28 Apr 2019 05:45:22 GMT
GET_/articles/new_Sun, 28 Apr 2019 05:45:23 GMT
POST_/articles_Sun, 28 Apr 2019 05:45:27 GMT
GET_/articles_Sun, 28 Apr 2019 05:45:27 GMT
GET_/articles/kldsjfsdkj/edit_Sun, 28 Apr 2019 05:45:29 GMT
PUT_/articles/kldsjfsdkj?_method=PUT_Sun, 28 Apr 2019 05:45:32 GMT
GET_/articles/kldsjfsdkj%20okjj_Sun, 28 Apr 2019 05:45:32 GMT
GET_/articles/kldsjfsdkj%20okjj/edit_Sun, 28 Apr 2019 05:45:33 GMT
PUT_/articles/kldsjfsdkj%20okjj?_method=PUT_Sun, 28 Apr 2019 05:45:36 GMT
GET_/articles/kldsjfsdkj%20okjj/edit_Sun, 28 Apr 2019 05:45:36 GMT
PUT_/articles/kldsjfsdkj%20okjj?_method=PUT_Sun, 28 Apr 2019 05:45:39 GMT
GET_/articles/kldsjfsdkj%20okjj_Sun, 28 Apr 2019 05:45:39 GMT
GET_/articles/kldsjfsdkj%20okjj/edit_Sun, 28 Apr 2019 05:45:41 GMT
GET_/articles_Sun, 28 Apr 2019 05:46:21 GMT
GET_/articles/new_Sun, 28 Apr 2019 05:46:22 GMT
POST_/articles_Sun, 28 Apr 2019 05:46:27 GMT
GET_/articles_Sun, 28 Apr 2019 05:46:27 GMT
GET_/articles/kjklj/edit_Sun, 28 Apr 2019 05:46:29 GMT
PUT_/articles/kjklj?_method=PUT_Sun, 28 Apr 2019 05:46:32 GMT
GET_/articles/kjklj/edit_Sun, 28 Apr 2019 05:46:32 GMT
PUT_/articles/kjklj?_method=PUT_Sun, 28 Apr 2019 05:46:34 GMT
GET_/articles/kjklj_Sun, 28 Apr 2019 05:46:34 GMT
GET_/articles/kjklj/edit_Sun, 28 Apr 2019 05:46:35 GMT
GET_/articles_Sun, 28 Apr 2019 05:47:13 GMT
GET_/articles/new_Sun, 28 Apr 2019 05:47:14 GMT
POST_/articles_Sun, 28 Apr 2019 05:47:18 GMT
GET_/articles_Sun, 28 Apr 2019 05:47:18 GMT
GET_/articles/kljkj/edit_Sun, 28 Apr 2019 05:47:20 GMT
PUT_/articles/kljkj?_method=PUT_Sun, 28 Apr 2019 05:47:23 GMT
GET_/articles/kljkj/edit_Sun, 28 Apr 2019 05:47:23 GMT
PUT_/articles/kljkj?_method=PUT_Sun, 28 Apr 2019 05:47:25 GMT
GET_/articles/kljkj_Sun, 28 Apr 2019 05:47:25 GMT
GET_/articles/kljkj/edit_Sun, 28 Apr 2019 05:47:27 GMT
GET_/articles_Sun, 28 Apr 2019 05:48:34 GMT
GET_/articles/new_Sun, 28 Apr 2019 05:48:35 GMT
POST_/articles_Sun, 28 Apr 2019 05:48:39 GMT
GET_/articles_Sun, 28 Apr 2019 05:48:39 GMT
GET_/articles/lkklj/edit_Sun, 28 Apr 2019 05:48:41 GMT
PUT_/articles/lkklj?_method=PUT_Sun, 28 Apr 2019 05:48:44 GMT
GET_/articles/lkklj/edit_Sun, 28 Apr 2019 05:48:44 GMT
PUT_/articles/lkklj?_method=PUT_Sun, 28 Apr 2019 05:48:47 GMT
GET_/articles/lkklj_Sun, 28 Apr 2019 05:48:47 GMT
GET_/articles/lkklj/edit_Sun, 28 Apr 2019 05:48:52 GMT
GET_/articles_Sun, 28 Apr 2019 05:49:24 GMT
GET_/articles/new_Sun, 28 Apr 2019 05:49:25 GMT
POST_/articles_Sun, 28 Apr 2019 05:49:29 GMT
GET_/articles_Sun, 28 Apr 2019 05:49:29 GMT
GET_/articles/lkjkj/edit_Sun, 28 Apr 2019 05:49:32 GMT
PUT_/articles/lkjkj?_method=PUT_Sun, 28 Apr 2019 05:49:35 GMT
GET_/articles/lkjkj/edit_Sun, 28 Apr 2019 05:49:35 GMT
PUT_/articles/lkjkj?_method=PUT_Sun, 28 Apr 2019 05:49:38 GMT
GET_/articles/lkjkj_Sun, 28 Apr 2019 05:49:38 GMT
GET_/articles/lkjkj/edit_Sun, 28 Apr 2019 05:49:39 GMT
PUT_/articles/lkjkj?_method=PUT_Sun, 28 Apr 2019 05:49:45 GMT
GET_/articles/lkjkj%20kjklj_Sun, 28 Apr 2019 05:49:45 GMT
GET_/products_Sun, 28 Apr 2019 05:49:46 GMT
GET_/products/new_Sun, 28 Apr 2019 05:49:47 GMT
POST_/products_Sun, 28 Apr 2019 05:49:51 GMT
GET_/products_Sun, 28 Apr 2019 05:49:51 GMT
GET_/products/1/edit_Sun, 28 Apr 2019 05:49:53 GMT
PUT_/products/1?_method=PUT_Sun, 28 Apr 2019 05:49:56 GMT
GET_/products/1/edit_Sun, 28 Apr 2019 05:49:56 GMT
PUT_/products/1?_method=PUT_Sun, 28 Apr 2019 05:50:00 GMT
GET_/products/1_Sun, 28 Apr 2019 05:50:00 GMT
GET_/products/1/edit_Sun, 28 Apr 2019 05:50:01 GMT
PUT_/products/1?_method=PUT_Sun, 28 Apr 2019 05:50:05 GMT
GET_/products/1_Sun, 28 Apr 2019 05:50:05 GMT
GET_/products/1/edit_Sun, 28 Apr 2019 05:50:07 GMT
PUT_/products/1?_method=PUT_Sun, 28 Apr 2019 05:50:18 GMT
GET_/products/1_Sun, 28 Apr 2019 05:50:18 GMT
GET_/products/1/edit_Sun, 28 Apr 2019 05:50:19 GMT
PUT_/products/1?_method=PUT_Sun, 28 Apr 2019 05:50:23 GMT
GET_/products/1_Sun, 28 Apr 2019 05:50:23 GMT
GET_/articles_Sun, 28 Apr 2019 05:50:27 GMT
GET_/articles/new_Sun, 28 Apr 2019 05:50:28 GMT
POST_/articles_Sun, 28 Apr 2019 05:50:30 GMT
GET_/articles/new_Sun, 28 Apr 2019 05:50:30 GMT
POST_/articles_Sun, 28 Apr 2019 05:50:35 GMT
GET_/articles_Sun, 28 Apr 2019 05:50:35 GMT
GET_/articles/new_Sun, 28 Apr 2019 05:50:37 GMT