
GET_/products_Sun, 19 May 2019 04:51:45 GMT
GET_/layouts/500_Sun, 19 May 2019 04:51:45 GMT
GET_/_Sun, 19 May 2019 04:51:47 GMT
GET_/products_Sun, 19 May 2019 04:52:01 GMT
GET_/layouts/500_Sun, 19 May 2019 04:52:01 GMT
GET_/products/new_Sun, 19 May 2019 04:52:04 GMT
GET_/articles_Sun, 19 May 2019 04:52:08 GMT
GET_/layouts/500_Sun, 19 May 2019 04:52:08 GMT
GET_/products_Sun, 19 May 2019 04:52:10 GMT
GET_/layouts/500_Sun, 19 May 2019 04:52:10 GMT
GET_/_Sun, 19 May 2019 04:52:12 GMT
GET_/products/new_Sun, 19 May 2019 04:52:14 GMT
POST_/products_Sun, 19 May 2019 04:52:22 GMT
GET_/layouts/500_Sun, 19 May 2019 04:52:22 GMT
GET_/_Sun, 19 May 2019 04:52:26 GMT
GET_/articles/new_Sun, 19 May 2019 04:52:28 GMT
GET_/articles/new_Sun, 19 May 2019 04:52:58 GMT
GET_/favicon.ico_Sun, 19 May 2019 04:52:58 GMT
GET_/articles/new_Sun, 19 May 2019 04:52:59 GMT
GET_/_Sun, 19 May 2019 04:53:02 GMT
GET_/products_Sun, 19 May 2019 04:53:04 GMT
GET_/articles_Sun, 19 May 2019 04:53:20 GMT
GET_/_Sun, 19 May 2019 04:53:33 GMT