
GET_/articles_Sat, 04 May 2019 19:10:20 GMT
GET_/articles_Sat, 04 May 2019 19:11:33 GMT
GET_/articles_Sat, 04 May 2019 19:11:34 GMT
GET_/articles_Sat, 04 May 2019 19:11:45 GMT
GET_/articles_Sat, 04 May 2019 19:11:46 GMT
GET_/products_Sat, 04 May 2019 19:12:13 GMT
GET_/articles_Sat, 04 May 2019 19:12:14 GMT
GET_/articles/Hello%3F_Sat, 04 May 2019 19:12:33 GMT
GET_/articles/Hello%3F_Sat, 04 May 2019 19:13:41 GMT
GET_/articles/Hello%3F_Sat, 04 May 2019 19:13:53 GMT
GET_/articles/Hello%3F_Sat, 04 May 2019 19:14:53 GMT
GET_/articles/Hello%3F_Sat, 04 May 2019 19:15:01 GMT
GET_/articles/Hello%3F_Sat, 04 May 2019 19:18:50 GMT
GET_/articles_Sat, 04 May 2019 19:19:30 GMT
GET_/articles_Sat, 04 May 2019 19:19:40 GMT
GET_/articles/Hello%3F_Sat, 04 May 2019 19:19:44 GMT
GET_/articles_Sat, 04 May 2019 19:21:43 GMT
GET_/layouts/500_Sat, 04 May 2019 19:21:43 GMT
GET_/articles_Sat, 04 May 2019 19:22:03 GMT
GET_/articles_Sat, 04 May 2019 19:22:30 GMT
GET_/articles_Sat, 04 May 2019 19:22:49 GMT
GET_/articles_Sat, 04 May 2019 19:25:20 GMT
GET_/articles_Sat, 04 May 2019 19:25:43 GMT
GET_/articles_Sat, 04 May 2019 19:25:46 GMT
GET_/articles_Sat, 04 May 2019 19:26:12 GMT
GET_/articles/Hello%3F_Sat, 04 May 2019 19:27:36 GMT
GET_/articles/Hello%3F/edit_Sat, 04 May 2019 19:27:38 GMT
PUT_/articles/Hello%3F?_method=PUT_Sat, 04 May 2019 19:27:43 GMT
GET_/articles/Hello%3F_Sat, 04 May 2019 19:27:43 GMT
GET_/articles_Sat, 04 May 2019 19:27:46 GMT
GET_/_Sat, 04 May 2019 19:27:48 GMT
GET_/_Sat, 04 May 2019 20:36:54 GMT
GET_/products_Sat, 04 May 2019 20:36:58 GMT
GET_/articles_Sat, 04 May 2019 20:39:13 GMT